<?xml version="1.0" encoding="UTF-8"?>
<testsuite name="TaskTest" tests="7" skipped="0" failures="0" errors="0" timestamp="2015-08-25T05:48:49" hostname="Yvonnes-MBP" time="0.172">
  <properties/>
  <testcase name="equals_returnsTrueIfDescriptionsAretheSame" classname="TaskTest" time="0.012"/>
  <testcase name="save_returnsTrueIfDescriptionsAretheSame" classname="TaskTest" time="0.022"/>
  <testcase name="save_savesCategoryIdIntoDB_true" classname="TaskTest" time="0.044"/>
  <testcase name="all_emptyAtFirst" classname="TaskTest" time="0.015"/>
  <testcase name="all_savesIntoDatabase_true" classname="TaskTest" time="0.026"/>
  <testcase name="save_assignsIdToObject" classname="TaskTest" time="0.025"/>
  <testcase name="find_findsTaskInDatabase_true" classname="TaskTest" time="0.023"/>
  <system-out><![CDATA[]]></system-out>
  <system-err><![CDATA[]]></system-err>
</testsuite>
